[35m[Appium][39m Welcome to Appium v1.22.0
[35m[Appium][39m Non-default server args:
[35m[Appium][39m   port: 49820
[35m[Appium][39m   loglevel: info
[35m[Appium][39m   tmpDir: C:\Users\AMBRAN~1\AppData\Local\Temp\\Katalon\Appium\Temp1698927079439
[35m[Appium][39m   chromedriverPort: 49822
[35m[Appium][39m Deprecated server args:
[35m[Appium][39m   [31m--chromedriver-port[39m => --default-capabilities
[35m[Appium][39m Default capabilities, which will be added to each request unless overridden by desired capabilities:
[35m[Appium][39m   chromedriverPort: 49822
[35m[Appium][39m Appium REST http interface listener started on 0.0.0.0:49820
[35m[HTTP][39m [37m-->[39m [37mGET[39m [37m/wd/hub/status[39m
[35m[HTTP][39m [90m{}[39m
[35m[HTTP][39m [37m<-- GET /wd/hub/status [39m[32m200[39m [90m4 ms - 68[39m
[35m[HTTP][39m [90m[39m
[35m[HTTP][39m [37m-->[39m [37mGET[39m [37m/wd/hub/status[39m
[35m[HTTP][39m [90m{}[39m
[35m[HTTP][39m [37m<-- GET /wd/hub/status [39m[32m200[39m [90m1 ms - 68[39m
[35m[HTTP][39m [90m[39m
[35m[HTTP][39m [37m-->[39m [37mPOST[39m [37m/wd/hub/session[39m
[35m[HTTP][39m [90m{"desiredCapabilities":{"appActivity":".Settings","appPackage":"com.android.settings","newCommandTimeout":1800,"platformVersion":"12","automationName":"uiautomator2","autoGrantPermissions":true,"platformName":"Android","udid":"RZ8N91QEF7Y","deviceName":"samsung SM-M515F (Android 12)","platform":"ANDROID","systemPort":8284},"capabilities":{"firstMatch":[{"appium:appActivity":".Settings","appium:appPackage":"com.android.settings","appium:autoGrantPermissions":true,"appium:automationName":"uiautomator2","appium:deviceName":"samsung SM-M515F (Android 12)","appium:newCommandTimeout":1800,"platform":"ANDROID","platformName":"android","appium:platformVersion":"12","appium:systemPort":8284,"appium:udid":"RZ8N91QEF7Y"}]}}[39m
[35m[BaseDriver][39m The following capabilities are not standard capabilities and should have an extension prefix:
[35m[BaseDriver][39m   platform
[35m[BaseDriver][39m   chromedriverPort
[35m[Appium][39m Appium v1.22.0 creating new AndroidUiautomator2Driver (v1.69.0) session
[35m[BaseDriver][39m The following capabilities were provided, but are not recognized by Appium:
[35m[BaseDriver][39m   platform
[35m[BaseDriver][39m Session created with session id: bf3451d4-dcf0-4b82-9a6d-193b7a28579e
[35m[UiAutomator2][39m Starting 'com.android.settings' directly on the device
[35m[ADB][39m Found 3 'build-tools' folders under 'C:\Users\ambranjan\AppData\Local\Android\Sdk' (newest first):
[35m[ADB][39m     C:/Users/ambranjan/AppData/Local/Android/Sdk/build-tools/34.0.0
[35m[ADB][39m     C:/Users/ambranjan/AppData/Local/Android/Sdk/build-tools/33.0.1
[35m[ADB][39m     C:/Users/ambranjan/AppData/Local/Android/Sdk/build-tools/30.0.3
[35m[ADB][39m Using 'adb.exe' from 'C:\Users\ambranjan\AppData\Local\Android\Sdk\platform-tools\adb.exe'
[35m[AndroidDriver][39m Retrieving device list
[35m[AndroidDriver][39m Using device: RZ8N91QEF7Y
[35m[ADB][39m Using 'adb.exe' from 'C:\Users\ambranjan\AppData\Local\Android\Sdk\platform-tools\adb.exe'
[35m[ADB][39m Getting device platform version
[35m[UiAutomator2][39m Relaxing hidden api policy
[35m[AndroidDriver][39m No app sent in, not parsing package/activity
[35m[ADB][39m Using 'apksigner.jar' from 'C:\Users\ambranjan\AppData\Local\Android\Sdk\build-tools\34.0.0\lib\apksigner.jar'
[35m[ADB][39m 'C:\Users\ambranjan\AppData\Roaming\npm\node_modules\appium\node_modules\appium-uiautomator2-server\apks\appium-uiautomator2-server-v4.24.0.apk' is signed with the default certificate
[35m[ADB][39m 'C:\Users\ambranjan\AppData\Roaming\npm\node_modules\appium\node_modules\appium-uiautomator2-server\apks\appium-uiautomator2-server-debug-androidTest.apk' is signed with the default certificate
[35m[UiAutomator2][39m Server packages are not going to be (re)installed
[35m[ADB][39m Adding packages ["io.appium.settings","io.appium.uiautomator2.server","io.appium.uiautomator2.server.test"] to Doze whitelist
[35m[ADB][39m com.android.settings contains no permissions available for granting
[35m[UiAutomator2][39m Starting UIAutomator2 server 4.24.0
[35m[UiAutomator2][39m Using UIAutomator2 server from 'C:\Users\ambranjan\AppData\Roaming\npm\node_modules\appium\node_modules\appium-uiautomator2-server\apks\appium-uiautomator2-server-v4.24.0.apk' and test from 'C:\Users\ambranjan\AppData\Roaming\npm\node_modules\appium\node_modules\appium-uiautomator2-server\apks\appium-uiautomator2-server-debug-androidTest.apk'
[35m[UiAutomator2][39m Waiting up to 30000ms for UiAutomator2 to be online...
[35m[WD Proxy][39m socket hang up
[35m[WD Proxy][39m socket hang up
[35m[WD Proxy][39m Determined the downstream protocol as 'W3C'
[35m[AndroidDriver][39m Screen already unlocked, doing nothing
[35m[UiAutomator2][39m Starting 'com.android.settings/.Settings and waiting for 'com.android.settings/.Settings'
[35m[Appium][39m New AndroidUiautomator2Driver session created successfully, session bf3451d4-dcf0-4b82-9a6d-193b7a28579e added to master session list
[35m[HTTP][39m [37m<-- POST /wd/hub/session [39m[32m200[39m [90m12301 ms - 1158[39m
[35m[HTTP][39m [90m[39m
[35m[HTTP][39m [37m-->[39m [37mGET[39m [37m/wd/hub/session/bf3451d4-dcf0-4b82-9a6d-193b7a28579e[39m
[35m[HTTP][39m [90m{}[39m
[35m[HTTP][39m [37m<-- GET /wd/hub/session/bf3451d4-dcf0-4b82-9a6d-193b7a28579e [39m[32m200[39m [90m15 ms - 1112[39m
[35m[HTTP][39m [90m[39m
[35m[HTTP][39m [37m-->[39m [37mGET[39m [37m/wd/hub/session/bf3451d4-dcf0-4b82-9a6d-193b7a28579e[39m
[35m[HTTP][39m [90m{}[39m
[35m[HTTP][39m [37m<-- GET /wd/hub/session/bf3451d4-dcf0-4b82-9a6d-193b7a28579e [39m[32m200[39m [90m13 ms - 1112[39m
[35m[HTTP][39m [90m[39m
[35m[HTTP][39m [37m-->[39m [37mGET[39m [37m/wd/hub/status[39m
[35m[HTTP][39m [90m{}[39m
[35m[HTTP][39m [37m<-- GET /wd/hub/status [39m[32m200[39m [90m1 ms - 68[39m
[35m[HTTP][39m [90m[39m
[35m[HTTP][39m [37m-->[39m [37mPOST[39m [37m/wd/hub/session/bf3451d4-dcf0-4b82-9a6d-193b7a28579e/timeouts[39m
[35m[HTTP][39m [90m{"implicit":60000}[39m
[35m[HTTP][39m [37m<-- POST /wd/hub/session/bf3451d4-dcf0-4b82-9a6d-193b7a28579e/timeouts [39m[32m200[39m [90m4 ms - 14[39m
[35m[HTTP][39m [90m[39m
[35m[HTTP][39m [37m-->[39m [37mGET[39m [37m/wd/hub/session/bf3451d4-dcf0-4b82-9a6d-193b7a28579e/screenshot[39m
[35m[HTTP][39m [90m{}[39m
[35m[HTTP][39m [37m<-- GET /wd/hub/session/bf3451d4-dcf0-4b82-9a6d-193b7a28579e/screenshot [39m[32m200[39m [90m443 ms - 224132[39m
[35m[HTTP][39m [90m[39m
[35m[HTTP][39m [37m-->[39m [37mGET[39m [37m/wd/hub/session/bf3451d4-dcf0-4b82-9a6d-193b7a28579e/window/rect[39m
[35m[HTTP][39m [90m{}[39m
[35m[HTTP][39m [37m<-- GET /wd/hub/session/bf3451d4-dcf0-4b82-9a6d-193b7a28579e/window/rect [39m[32m200[39m [90m15 ms - 50[39m
[35m[HTTP][39m [90m[39m
[35m[HTTP][39m [37m-->[39m [37mGET[39m [37m/wd/hub/session/bf3451d4-dcf0-4b82-9a6d-193b7a28579e/appium/device/system_bars[39m
[35m[HTTP][39m [90m{}[39m
[35m[HTTP][39m [37m<-- GET /wd/hub/session/bf3451d4-dcf0-4b82-9a6d-193b7a28579e/appium/device/system_bars [39m[32m200[39m [90m206 ms - 145[39m
[35m[HTTP][39m [90m[39m
[35m[HTTP][39m [37m-->[39m [37mPOST[39m [37m/wd/hub/session/bf3451d4-dcf0-4b82-9a6d-193b7a28579e/appium/device/activate_app[39m
[35m[HTTP][39m [90m{"bundleId":"com.maybank2u.life.uat"}[39m
[35m[HTTP][39m [37m<-- POST /wd/hub/session/bf3451d4-dcf0-4b82-9a6d-193b7a28579e/appium/device/activate_app [39m[32m200[39m [90m530 ms - 14[39m
[35m[HTTP][39m [90m[39m
[35m[HTTP][39m [37m-->[39m [37mGET[39m [37m/wd/hub/session/bf3451d4-dcf0-4b82-9a6d-193b7a28579e/source[39m
[35m[HTTP][39m [90m{}[39m
[35m[W3C (bf3451d4)][39m Driver proxy active, passing request on via HTTP proxy
[35m[WD Proxy][39m Replacing sessionId 2d98bff1-0caa-4cac-9fcc-53717fbbd592 with bf3451d4-dcf0-4b82-9a6d-193b7a28579e
[35m[HTTP][39m [37m<-- GET /wd/hub/session/bf3451d4-dcf0-4b82-9a6d-193b7a28579e/source [39m[32m200[39m [90m151 ms - 17153[39m
[35m[HTTP][39m [90m[39m
[35m[HTTP][39m [37m-->[39m [37mGET[39m [37m/wd/hub/session/bf3451d4-dcf0-4b82-9a6d-193b7a28579e/screenshot[39m
[35m[HTTP][39m [90m{}[39m
[35m[HTTP][39m [37m<-- GET /wd/hub/session/bf3451d4-dcf0-4b82-9a6d-193b7a28579e/screenshot [39m[32m200[39m [90m665 ms - 520470[39m
[35m[HTTP][39m [90m[39m
[35m[HTTP][39m [37m-->[39m [37mGET[39m [37m/wd/hub/session/bf3451d4-dcf0-4b82-9a6d-193b7a28579e/source[39m
[35m[HTTP][39m [90m{}[39m
[35m[W3C (bf3451d4)][39m Driver proxy active, passing request on via HTTP proxy
[35m[WD Proxy][39m Replacing sessionId 2d98bff1-0caa-4cac-9fcc-53717fbbd592 with bf3451d4-dcf0-4b82-9a6d-193b7a28579e
[35m[HTTP][39m [37m<-- GET /wd/hub/session/bf3451d4-dcf0-4b82-9a6d-193b7a28579e/source [39m[32m200[39m [90m525 ms - 50137[39m
[35m[HTTP][39m [90m[39m
[35m[HTTP][39m [37m-->[39m [37mGET[39m [37m/wd/hub/session/bf3451d4-dcf0-4b82-9a6d-193b7a28579e/screenshot[39m
[35m[HTTP][39m [90m{}[39m
[35m[HTTP][39m [37m<-- GET /wd/hub/session/bf3451d4-dcf0-4b82-9a6d-193b7a28579e/screenshot [39m[32m200[39m [90m568 ms - 493084[39m
[35m[HTTP][39m [90m[39m
[35m[HTTP][39m [37m-->[39m [37mPOST[39m [37m/wd/hub/session/bf3451d4-dcf0-4b82-9a6d-193b7a28579e/elements[39m
[35m[HTTP][39m [90m{"using":"xpath","value":"//*[@class = 'android.widget.TextView' and (@text = 'NZD/MYR' or . = 'NZD/MYR')]"}[39m
[35m[HTTP][39m [37m<-- POST /wd/hub/session/bf3451d4-dcf0-4b82-9a6d-193b7a28579e/elements [39m[32m200[39m [90m553 ms - 139[39m
[35m[HTTP][39m [90m[39m
[35m[HTTP][39m [37m-->[39m [37mGET[39m [37m/wd/hub/session/bf3451d4-dcf0-4b82-9a6d-193b7a28579e/window/rect[39m
[35m[HTTP][39m [90m{}[39m
[35m[HTTP][39m [37m<-- GET /wd/hub/session/bf3451d4-dcf0-4b82-9a6d-193b7a28579e/window/rect [39m[32m200[39m [90m24 ms - 50[39m
[35m[HTTP][39m [90m[39m
[35m[HTTP][39m [37m-->[39m [37mPOST[39m [37m/wd/hub/session/bf3451d4-dcf0-4b82-9a6d-193b7a28579e/elements[39m
[35m[HTTP][39m [90m{"using":"xpath","value":"//*[@class = 'android.widget.TextView' and (@text = 'NZD/MYR' or . = 'NZD/MYR')]"}[39m
[35m[HTTP][39m [37m<-- POST /wd/hub/session/bf3451d4-dcf0-4b82-9a6d-193b7a28579e/elements [39m[32m200[39m [90m377 ms - 139[39m
[35m[HTTP][39m [90m[39m
[35m[HTTP][39m [37m-->[39m [37mGET[39m [37m/wd/hub/session/bf3451d4-dcf0-4b82-9a6d-193b7a28579e/element/00000000-0000-0171-0000-443500000c15/location[39m
[35m[HTTP][39m [90m{}[39m
[35m[W3C (bf3451d4)][39m Driver proxy active, passing request on via HTTP proxy
[35m[WD Proxy][39m Replacing sessionId 2d98bff1-0caa-4cac-9fcc-53717fbbd592 with bf3451d4-dcf0-4b82-9a6d-193b7a28579e
[35m[HTTP][39m [37m<-- GET /wd/hub/session/bf3451d4-dcf0-4b82-9a6d-193b7a28579e/element/00000000-0000-0171-0000-443500000c15/location [39m[32m200[39m [90m22 ms - 79[39m
[35m[HTTP][39m [90m[39m
[35m[HTTP][39m [37m-->[39m [37mPOST[39m [37m/wd/hub/session/bf3451d4-dcf0-4b82-9a6d-193b7a28579e/element/00000000-0000-0171-0000-443500000c15/click[39m
[35m[HTTP][39m [90m{"id":"00000000-0000-0171-0000-443500000c15"}[39m
[35m[HTTP][39m [37m<-- POST /wd/hub/session/bf3451d4-dcf0-4b82-9a6d-193b7a28579e/element/00000000-0000-0171-0000-443500000c15/click [39m[32m200[39m [90m72 ms - 14[39m
[35m[HTTP][39m [90m[39m
[35m[HTTP][39m [37m-->[39m [37mGET[39m [37m/wd/hub/session/bf3451d4-dcf0-4b82-9a6d-193b7a28579e/source[39m
[35m[HTTP][39m [90m{}[39m
[35m[W3C (bf3451d4)][39m Driver proxy active, passing request on via HTTP proxy
[35m[WD Proxy][39m Replacing sessionId 2d98bff1-0caa-4cac-9fcc-53717fbbd592 with bf3451d4-dcf0-4b82-9a6d-193b7a28579e
[35m[HTTP][39m [37m<-- GET /wd/hub/session/bf3451d4-dcf0-4b82-9a6d-193b7a28579e/source [39m[32m200[39m [90m783 ms - 50137[39m
[35m[HTTP][39m [90m[39m
[35m[HTTP][39m [37m-->[39m [37mGET[39m [37m/wd/hub/session/bf3451d4-dcf0-4b82-9a6d-193b7a28579e/screenshot[39m
[35m[HTTP][39m [90m{}[39m
[35m[HTTP][39m [37m<-- GET /wd/hub/session/bf3451d4-dcf0-4b82-9a6d-193b7a28579e/screenshot [39m[32m200[39m [90m590 ms - 475644[39m
[35m[HTTP][39m [90m[39m
[35m[HTTP][39m [37m-->[39m [37mDELETE[39m [37m/wd/hub/session/bf3451d4-dcf0-4b82-9a6d-193b7a28579e[39m
[35m[HTTP][39m [90m{}[39m
[35m[Appium][39m Removing session bf3451d4-dcf0-4b82-9a6d-193b7a28579e from our master session list
[35m[UiAutomator2][39m Restoring hidden api policy to the device default configuration
[35m[HTTP][39m [37m<-- DELETE /wd/hub/session/bf3451d4-dcf0-4b82-9a6d-193b7a28579e [39m[32m200[39m [90m977 ms - 14[39m
[35m[HTTP][39m [90m[39m
